<?xml version="1.0" encoding="UTF-8"?>
<testng-results ignored="0" total="1" passed="1" failed="0" skipped="0">
  <reporter-output>
  </reporter-output>
  <suite started-at="2022-04-11T15:10:38 EDT" name="Default suite" finished-at="2022-04-11T15:11:02 EDT" duration-ms="23933">
    <groups>
    </groups>
    <test started-at="2022-04-11T15:10:38 EDT" name="Default test" finished-at="2022-04-11T15:11:02 EDT" duration-ms="23933">
      <class name="com.jomashop.scripts.Login_Logout">
        <test-method is-config="true" signature="generatorReport()[pri:0, instance:com.jomashop.scripts.Login_Logout@2b48a640]" started-at="2022-04-11T15:10:38 EDT" name="generatorReport" finished-at="2022-04-11T15:10:39 EDT" duration-ms="582" status="PASS">
          <reporter-output>
          </reporter-output>
        </test-method> <!-- generatorReport -->
        <test-method is-config="true" signature="beforeClass()[pri:0, instance:com.jomashop.scripts.Login_Logout@2b48a640]" started-at="2022-04-11T15:10:39 EDT" name="beforeClass" finished-at="2022-04-11T15:10:46 EDT" duration-ms="7444" status="PASS">
          <reporter-output>
          </reporter-output>
        </test-method> <!-- beforeClass -->
        <test-method is-config="true" signature="methodName(java.lang.reflect.Method)[pri:0, instance:com.jomashop.scripts.Login_Logout@2b48a640]" started-at="2022-04-11T15:10:46 EDT" name="methodName" finished-at="2022-04-11T15:10:46 EDT" duration-ms="76" status="PASS">
          <params>
            <param index="0">
              <value>
                <![CDATA[public void com.jomashop.scripts.Login_Logout.Login_LogoutTestCase() throws java.lang.Exception]]>
              </value>
            </param>
          </params>
          <reporter-output>
          </reporter-output>
        </test-method> <!-- methodName -->
        <test-method signature="Login_LogoutTestCase()[pri:0, instance:com.jomashop.scripts.Login_Logout@2b48a640]" started-at="2022-04-11T15:10:46 EDT" name="Login_LogoutTestCase" finished-at="2022-04-11T15:10:58 EDT" duration-ms="11942" status="PASS">
          <reporter-output>
          </reporter-output>
        </test-method> <!-- Login_LogoutTestCase -->
        <test-method is-config="true" signature="afterClass()[pri:0, instance:com.jomashop.scripts.Login_Logout@2b48a640]" started-at="2022-04-11T15:10:58 EDT" name="afterClass" finished-at="2022-04-11T15:11:02 EDT" duration-ms="3459" status="PASS">
          <reporter-output>
          </reporter-output>
        </test-method> <!-- afterClass -->
      </class> <!-- com.jomashop.scripts.Login_Logout -->
    </test> <!-- Default test -->
  </suite> <!-- Default suite -->
</testng-results>
